objc[56918]: Class SDLApplication is implemented in both /opt/homebrew/Cellar/sdl2/2.32.10/lib/libSDL2-2.0.0.dylib (0x103fb7c88) and /Users/pavelzverina/AiProjects/fpc_atomic_macos/macos/app_arm64/FPCAtomic.app/Contents/lib/libSDL2.dylib (0x3310d3c88). This may cause spurious casting failures and mysterious crashes. One of the duplicates must be removed or renamed.
objc[56918]: Class SDLAppDelegate is implemented in both /opt/homebrew/Cellar/sdl2/2.32.10/lib/libSDL2-2.0.0.dylib (0x103fb7cd8) and /Users/pavelzverina/AiProjects/fpc_atomic_macos/macos/app_arm64/FPCAtomic.app/Contents/lib/libSDL2.dylib (0x3310d3cd8). This may cause spurious casting failures and mysterious crashes. One of the duplicates must be removed or renamed.
objc[56918]: Class SDLTranslatorResponder is implemented in both /opt/homebrew/Cellar/sdl2/2.32.10/lib/libSDL2-2.0.0.dylib (0x103fb7d50) and /Users/pavelzverina/AiProjects/fpc_atomic_macos/macos/app_arm64/FPCAtomic.app/Contents/lib/libSDL2.dylib (0x3310d3d50). This may cause spurious casting failures and mysterious crashes. One of the duplicates must be removed or renamed.
objc[56918]: Class SDLMessageBoxPresenter is implemented in both /opt/homebrew/Cellar/sdl2/2.32.10/lib/libSDL2-2.0.0.dylib (0x103fb7d78) and /Users/pavelzverina/AiProjects/fpc_atomic_macos/macos/app_arm64/FPCAtomic.app/Contents/lib/libSDL2.dylib (0x3310d3d78). This may cause spurious casting failures and mysterious crashes. One of the duplicates must be removed or renamed.
objc[56918]: Class SDL_cocoametalview is implemented in both /opt/homebrew/Cellar/sdl2/2.32.10/lib/libSDL2-2.0.0.dylib (0x103fb7dc8) and /Users/pavelzverina/AiProjects/fpc_atomic_macos/macos/app_arm64/FPCAtomic.app/Contents/lib/libSDL2.dylib (0x3310d3dc8). This may cause spurious casting failures and mysterious crashes. One of the duplicates must be removed or renamed.
objc[56918]: Class SDLOpenGLContext is implemented in both /opt/homebrew/Cellar/sdl2/2.32.10/lib/libSDL2-2.0.0.dylib (0x103fb7e18) and /Users/pavelzverina/AiProjects/fpc_atomic_macos/macos/app_arm64/FPCAtomic.app/Contents/lib/libSDL2.dylib (0x3310d3e18). This may cause spurious casting failures and mysterious crashes. One of the duplicates must be removed or renamed.
objc[56918]: Class SDL_ShapeData is implemented in both /opt/homebrew/Cellar/sdl2/2.32.10/lib/libSDL2-2.0.0.dylib (0x103fb7e90) and /Users/pavelzverina/AiProjects/fpc_atomic_macos/macos/app_arm64/FPCAtomic.app/Contents/lib/libSDL2.dylib (0x3310d3e90). This may cause spurious casting failures and mysterious crashes. One of the duplicates must be removed or renamed.
objc[56918]: Class SDL_CocoaClosure is implemented in both /opt/homebrew/Cellar/sdl2/2.32.10/lib/libSDL2-2.0.0.dylib (0x103fb7ee0) and /Users/pavelzverina/AiProjects/fpc_atomic_macos/macos/app_arm64/FPCAtomic.app/Contents/lib/libSDL2.dylib (0x3310d3ee0). This may cause spurious casting failures and mysterious crashes. One of the duplicates must be removed or renamed.
objc[56918]: Class SDL_VideoData is implemented in both /opt/homebrew/Cellar/sdl2/2.32.10/lib/libSDL2-2.0.0.dylib (0x103fb7f30) and /Users/pavelzverina/AiProjects/fpc_atomic_macos/macos/app_arm64/FPCAtomic.app/Contents/lib/libSDL2.dylib (0x3310d3f30). This may cause spurious casting failures and mysterious crashes. One of the duplicates must be removed or renamed.
objc[56918]: Class SDL_WindowData is implemented in both /opt/homebrew/Cellar/sdl2/2.32.10/lib/libSDL2-2.0.0.dylib (0x103fb7f80) and /Users/pavelzverina/AiProjects/fpc_atomic_macos/macos/app_arm64/FPCAtomic.app/Contents/lib/libSDL2.dylib (0x3310d3f80). This may cause spurious casting failures and mysterious crashes. One of the duplicates must be removed or renamed.
objc[56918]: Class SDLWindow is implemented in both /opt/homebrew/Cellar/sdl2/2.32.10/lib/libSDL2-2.0.0.dylib (0x103fb7fa8) and /Users/pavelzverina/AiProjects/fpc_atomic_macos/macos/app_arm64/FPCAtomic.app/Contents/lib/libSDL2.dylib (0x3310d3fa8). This may cause spurious casting failures and mysterious crashes. One of the duplicates must be removed or renamed.
objc[56918]: Class Cocoa_WindowListener is implemented in both /opt/homebrew/Cellar/sdl2/2.32.10/lib/libSDL2-2.0.0.dylib (0x103fb7fd0) and /Users/pavelzverina/AiProjects/fpc_atomic_macos/macos/app_arm64/FPCAtomic.app/Contents/lib/libSDL2.dylib (0x3310d3fd0). This may cause spurious casting failures and mysterious crashes. One of the duplicates must be removed or renamed.
objc[56918]: Class SDLView is implemented in both /opt/homebrew/Cellar/sdl2/2.32.10/lib/libSDL2-2.0.0.dylib (0x103fb8048) and /Users/pavelzverina/AiProjects/fpc_atomic_macos/macos/app_arm64/FPCAtomic.app/Contents/lib/libSDL2.dylib (0x3310d4048). This may cause spurious casting failures and mysterious crashes. One of the duplicates must be removed or renamed.
objc[56918]: Class METAL_RenderData is implemented in both /opt/homebrew/Cellar/sdl2/2.32.10/lib/libSDL2-2.0.0.dylib (0x103fb80c0) and /Users/pavelzverina/AiProjects/fpc_atomic_macos/macos/app_arm64/FPCAtomic.app/Contents/lib/libSDL2.dylib (0x3310d40c0). This may cause spurious casting failures and mysterious crashes. One of the duplicates must be removed or renamed.
objc[56918]: Class METAL_TextureData is implemented in both /opt/homebrew/Cellar/sdl2/2.32.10/lib/libSDL2-2.0.0.dylib (0x103fb8110) and /Users/pavelzverina/AiProjects/fpc_atomic_macos/macos/app_arm64/FPCAtomic.app/Contents/lib/libSDL2.dylib (0x3310d4110). This may cause spurious casting failures and mysterious crashes. One of the duplicates must be removed or renamed.
objc[56918]: Class SDL_RumbleMotor is implemented in both /opt/homebrew/Cellar/sdl2/2.32.10/lib/libSDL2-2.0.0.dylib (0x103fb8138) and /Users/pavelzverina/AiProjects/fpc_atomic_macos/macos/app_arm64/FPCAtomic.app/Contents/lib/libSDL2.dylib (0x3310d4138). This may cause spurious casting failures and mysterious crashes. One of the duplicates must be removed or renamed.
objc[56918]: Class SDL_RumbleContext is implemented in both /opt/homebrew/Cellar/sdl2/2.32.10/lib/libSDL2-2.0.0.dylib (0x103fb8188) and /Users/pavelzverina/AiProjects/fpc_atomic_macos/macos/app_arm64/FPCAtomic.app/Contents/lib/libSDL2.dylib (0x3310d4188). This may cause spurious casting failures and mysterious crashes. One of the duplicates must be removed or renamed.
2025.11.30 00:35:46|Info |FPC Atomic - Server ver. 0.12 by Corpsman www.Corpsman
.de
2025.11.30 00:35:46|Info |Launching on Port : 5521
2025.11.30 00:35:46|Info |Autotimeout = 0, press "ESC" to terminate.
2025.11.30 00:35:46|Info |TServer.create: Network thread started for server
2025.11.30 00:35:46|Info |TServer.LoadAi: Ai "Atomic ai ver. 0.07 by Corpsman" l
oaded successfully!
2025.11.30 00:35:46|Error|TServer.OnUDPError: 255.255.255.255Error on bind [48]:
 Address already in use
2025.11.30 00:35:46|Fatal|TServer.create: Error, unable to listen on port: 8005
2025.11.30 00:35:46|Fatal|TServer.create: Stacktrace:
                            TServer.create
2025.11.30 00:35:46|Info |Shutting down, thanks for playing.
